
4.8.2025, 17:20:21 - DEBUG - User visited at the following bugs: | []
4.8.2025, 17:20:27 - DEBUG - User visited at the following bugs: | ["6TR3F"]
4.8.2025, 17:20:29 - DEBUG - User visited at the following bugs: | ["6TR3F"]
4.8.2025, 17:24:50 - DEBUG - User visited at the following bugs: | []
4.8.2025, 17:24:54 - DEBUG - User visited at the following bugs: | ["6TR3F"]
4.8.2025, 17:24:58 - DEBUG - User visited at the following bugs: | ["6TR3F","Eyejf"]
4.8.2025, 17:24:59 - DEBUG - User visited at the following bugs: | ["6TR3F","Eyejf","njYEv"]
4.8.2025, 17:25:06 - DEBUG - User visited at the following bugs: | ["6TR3F","Eyejf","njYEv","njYEv"]
4.8.2025, 17:25:14 - DEBUG - User visited at the following bugs: | []
4.8.2025, 17:25:17 - DEBUG - User visited at the following bugs: | ["6TR3F"]
4.8.2025, 17:25:19 - DEBUG - User visited at the following bugs: | ["6TR3F","Eyejf"]
4.8.2025, 17:25:21 - DEBUG - User visited at the following bugs: | ["6TR3F","Eyejf","njYEv"]
4.8.2025, 17:25:23 - DEBUG - User visited at the following bugs: | ["6TR3F","Eyejf","njYEv","Eyejf"]
5.8.2025, 13:54:17 - DEBUG - User visited at the following bugs: | []
5.8.2025, 17:39:38 - DEBUG - User visited at the following bugs: | []
5.8.2025, 17:39:41 - DEBUG - User visited at the following bugs: | ["6TR3F"]
6.8.2025, 17:01:34 - ERROR - Cannot save bug | ReferenceError: savedBug is not defined
6.8.2025, 18:12:08 - ERROR - Cannot save bug | Not your bug
6.8.2025, 19:00:06 - DEBUG - User visited at the following bugs: | []
6.8.2025, 19:02:55 - DEBUG - User visited at the following bugs: | []
6.8.2025, 19:09:20 - DEBUG - User visited at the following bugs: | []
6.8.2025, 19:09:28 - DEBUG - User visited at the following bugs: | []
6.8.2025, 19:09:47 - DEBUG - User visited at the following bugs: | []
6.8.2025, 19:09:58 - DEBUG - User visited at the following bugs: | []
6.8.2025, 19:10:19 - DEBUG - User visited at the following bugs: | []
6.8.2025, 19:13:16 - DEBUG - User visited at the following bugs: | []
6.8.2025, 20:27:21 - DEBUG - User visited at the following bugs: | []
6.8.2025, 20:29:13 - DEBUG - User visited at the following bugs: | []
